{"/home/ndoshi/Desktop/patternfly-react-seed/src/app/DynamicImport.tsx": {"path":"/home/ndoshi/Desktop/patternfly-react-seed/src/app/DynamicImport.tsx","statementMap":{"0":{"start":{"line":1,"column":0},"end":{"line":1,"column":31}},"1":{"start":{"line":2,"column":0},"end":{"line":2,"column":64}},"2":{"start":{"line":12,"column":0},"end":{"line":12,"column":59}},"3":{"start":{"line":12,"column":28},"end":{"line":12,"column":33}},"4":{"start":{"line":18,"column":4},"end":{"line":18,"column":null}},"5":{"start":{"line":13,"column":9},"end":{"line":15,"column":4}},"6":{"start":{"line":19,"column":4},"end":{"line":19,"column":29}},"7":{"start":{"line":21,"column":9},"end":{"line":23,"column":null}},"8":{"start":{"line":22,"column":4},"end":{"line":22,"column":46}},"9":{"start":{"line":24,"column":9},"end":{"line":39,"column":null}},"10":{"start":{"line":24,"column":2},"end":{"line":24,"column":9}},"11":{"start":{"line":25,"column":4},"end":{"line":38,"column":9}},"12":{"start":{"line":28,"column":8},"end":{"line":32,"column":null}},"13":{"start":{"line":29,"column":10},"end":{"line":31,"column":13}},"14":{"start":{"line":35,"column":8},"end":{"line":37,"column":null}},"15":{"start":{"line":36,"column":10},"end":{"line":36,"column":64}},"16":{"start":{"line":40,"column":9},"end":{"line":42,"column":null}},"17":{"start":{"line":41,"column":4},"end":{"line":41,"column":53}},"18":{"start":{"line":43,"column":0},"end":{"line":43,"column":null}},"19":{"start":{"line":45,"column":9},"end":{"line":45,"column":22}}},"fnMap":{"0":{"name":"(anonymous_0)","decl":{"start":{"line":12,"column":0},"end":{"line":12,"column":28}},"loc":{"start":{"line":12,"column":0},"end":{"line":43,"column":null}}},"1":{"name":"DynamicImport","decl":{"start":{"line":17,"column":2},"end":{"line":17,"column":14}},"loc":{"start":{"line":17,"column":35},"end":{"line":20,"column":3}}},"2":{"name":"(anonymous_2)","decl":{"start":{"line":21,"column":2},"end":{"line":21,"column":9}},"loc":{"start":{"line":21,"column":2},"end":{"line":23,"column":3}}},"3":{"name":"(anonymous_3)","decl":{"start":{"line":24,"column":2},"end":{"line":24,"column":9}},"loc":{"start":{"line":24,"column":2},"end":{"line":39,"column":3}}},"4":{"name":"(anonymous_4)","decl":{"start":{"line":27,"column":12},"end":{"line":27,"column":21}},"loc":{"start":{"line":27,"column":21},"end":{"line":33,"column":7}}},"5":{"name":"(anonymous_5)","decl":{"start":{"line":34,"column":12},"end":{"line":34,"column":null}},"loc":{"start":{"line":34,"column":12},"end":{"line":38,"column":7}}},"6":{"name":"(anonymous_6)","decl":{"start":{"line":40,"column":2},"end":{"line":40,"column":9}},"loc":{"start":{"line":40,"column":2},"end":{"line":42,"column":3}}}},"branchMap":{"0":{"loc":{"start":{"line":18,"column":4},"end":{"line":18,"column":16}},"type":"binary-expr","locations":[{"start":{"line":18,"column":4},"end":{"line":18,"column":16}},{"start":{"line":18,"column":16},"end":{"line":18,"column":null}}]},"1":{"loc":{"start":{"line":28,"column":8},"end":{"line":32,"column":null}},"type":"if","locations":[{"start":{"line":28,"column":8},"end":{"line":32,"column":null}},{"start":{"line":28,"column":8},"end":{"line":32,"column":null}}]},"2":{"loc":{"start":{"line":30,"column":43},"end":{"line":30,"column":60}},"type":"cond-expr","locations":[{"start":{"line":30,"column":43},"end":{"line":30,"column":60}},{"start":{"line":30,"column":63},"end":{"line":30,"column":72}}]},"3":{"loc":{"start":{"line":35,"column":8},"end":{"line":37,"column":null}},"type":"if","locations":[{"start":{"line":35,"column":8},"end":{"line":37,"column":null}},{"start":{"line":35,"column":8},"end":{"line":37,"column":null}}]}},"s":{"0":1,"1":1,"2":1,"3":1,"4":0,"5":0,"6":0,"7":1,"8":0,"9":1,"10":0,"11":0,"12":0,"13":0,"14":0,"15":0,"16":1,"17":0,"18":1,"19":1},"f":{"0":1,"1":0,"2":0,"3":0,"4":0,"5":0,"6":0},"b":{"0":[0,0],"1":[0,0],"2":[0,0],"3":[0,0]}}
,"/home/ndoshi/Desktop/patternfly-react-seed/src/app/index.tsx": {"path":"/home/ndoshi/Desktop/patternfly-react-seed/src/app/index.tsx","statementMap":{"0":{"start":{"line":1,"column":0},"end":{"line":1,"column":31}},"1":{"start":{"line":2,"column":0},"end":{"line":2,"column":53}},"2":{"start":{"line":3,"column":0},"end":{"line":3,"column":59}},"3":{"start":{"line":4,"column":0},"end":{"line":4,"column":53}},"4":{"start":{"line":5,"column":0},"end":{"line":5,"column":40}},"5":{"start":{"line":6,"column":0},"end":{"line":6,"column":22}},"6":{"start":{"line":8,"column":37},"end":{"line":8,"column":null}},"7":{"start":{"line":8,"column":43},"end":{"line":14,"column":2}},"8":{"start":{"line":16,"column":9},"end":{"line":16,"column":12}}},"fnMap":{"0":{"name":"(anonymous_0)","decl":{"start":{"line":8,"column":37},"end":{"line":8,"column":43}},"loc":{"start":{"line":8,"column":37},"end":{"line":8,"column":null}}}},"branchMap":{},"s":{"0":1,"1":1,"2":1,"3":1,"4":1,"5":1,"6":1,"7":3,"8":1},"f":{"0":3},"b":{}}
,"/home/ndoshi/Desktop/patternfly-react-seed/src/app/routes.tsx": {"path":"/home/ndoshi/Desktop/patternfly-react-seed/src/app/routes.tsx","statementMap":{"0":{"start":{"line":1,"column":0},"end":{"line":1,"column":31}},"1":{"start":{"line":2,"column":0},"end":{"line":2,"column":70}},"2":{"start":{"line":3,"column":0},"end":{"line":3,"column":60}},"3":{"start":{"line":4,"column":0},"end":{"line":4,"column":51}},"4":{"start":{"line":5,"column":0},"end":{"line":5,"column":64}},"5":{"start":{"line":6,"column":0},"end":{"line":6,"column":53}},"6":{"start":{"line":7,"column":0},"end":{"line":7,"column":50}},"7":{"start":{"line":8,"column":0},"end":{"line":8,"column":63}},"8":{"start":{"line":9,"column":0},"end":{"line":9,"column":83}},"9":{"start":{"line":13,"column":30},"end":{"line":13,"column":42}},"10":{"start":{"line":13,"column":36},"end":{"line":13,"column":107}},"11":{"start":{"line":13,"column":42},"end":{"line":13,"column":106}},"12":{"start":{"line":15,"column":16},"end":{"line":38,"column":1}},"13":{"start":{"line":16,"column":25},"end":{"line":16,"column":42}},"14":{"start":{"line":17,"column":2},"end":{"line":37,"column":4}},"15":{"start":{"line":23,"column":8},"end":{"line":33,"column":null}},"16":{"start":{"line":24,"column":10},"end":{"line":30,"column":12}},"17":{"start":{"line":32,"column":10},"end":{"line":32,"column":66}},"18":{"start":{"line":34,"column":8},"end":{"line":34,"column":31}},"19":{"start":{"line":51,"column":28},"end":{"line":67,"column":2}},"20":{"start":{"line":118,"column":20},"end":{"line":118,"column":26}},"21":{"start":{"line":72,"column":27},"end":{"line":82,"column":1}},"22":{"start":{"line":73,"column":25},"end":{"line":73,"column":42}},"23":{"start":{"line":74,"column":2},"end":{"line":81,"column":32}},"24":{"start":{"line":75,"column":4},"end":{"line":77,"column":null}},"25":{"start":{"line":76,"column":6},"end":{"line":76,"column":55}},"26":{"start":{"line":78,"column":4},"end":{"line":80,"column":6}},"27":{"start":{"line":79,"column":6},"end":{"line":79,"column":43}},"28":{"start":{"line":84,"column":30},"end":{"line":93,"column":1}},"29":{"start":{"line":84,"column":33},"end":{"line":84,"column":53}},"30":{"start":{"line":84,"column":55},"end":{"line":84,"column":70}},"31":{"start":{"line":84,"column":72},"end":{"line":84,"column":77}},"32":{"start":{"line":84,"column":79},"end":{"line":84,"column":86}},"33":{"start":{"line":85,"column":2},"end":{"line":85,"column":30}},"34":{"start":{"line":86,"column":2},"end":{"line":86,"column":26}},"35":{"start":{"line":89,"column":4},"end":{"line":89,"column":51}},"36":{"start":{"line":92,"column":2},"end":{"line":92,"column":43}},"37":{"start":{"line":95,"column":21},"end":{"line":98,"column":1}},"38":{"start":{"line":95,"column":24},"end":{"line":95,"column":29}},"39":{"start":{"line":96,"column":2},"end":{"line":96,"column":26}},"40":{"start":{"line":97,"column":2},"end":{"line":97,"column":40}},"41":{"start":{"line":100,"column":18},"end":{"line":100,"column":null}},"42":{"start":{"line":100,"column":24},"end":{"line":116,"column":2}},"43":{"start":{"line":103,"column":21},"end":{"line":103,"column":25}},"44":{"start":{"line":103,"column":27},"end":{"line":103,"column":32}},"45":{"start":{"line":103,"column":34},"end":{"line":103,"column":43}},"46":{"start":{"line":103,"column":45},"end":{"line":103,"column":50}},"47":{"start":{"line":103,"column":52},"end":{"line":103,"column":59}},"48":{"start":{"line":103,"column":71},"end":{"line":112,"column":8}},"49":{"start":{"line":118,"column":9},"end":{"line":118,"column":18}}},"fnMap":{"0":{"name":"(anonymous_0)","decl":{"start":{"line":13,"column":30},"end":{"line":13,"column":36}},"loc":{"start":{"line":13,"column":30},"end":{"line":13,"column":42}}},"1":{"name":"(anonymous_1)","decl":{"start":{"line":13,"column":36},"end":{"line":13,"column":42}},"loc":{"start":{"line":13,"column":36},"end":{"line":13,"column":49}}},"2":{"name":"(anonymous_2)","decl":{"start":{"line":13,"column":42},"end":{"line":13,"column":49}},"loc":{"start":{"line":13,"column":42},"end":{"line":13,"column":106}}},"3":{"name":"(anonymous_3)","decl":{"start":{"line":15,"column":16},"end":{"line":15,"column":17}},"loc":{"start":{"line":15,"column":48},"end":{"line":38,"column":1}}},"4":{"name":"(anonymous_4)","decl":{"start":{"line":20,"column":7},"end":{"line":20,"column":8}},"loc":{"start":{"line":20,"column":22},"end":{"line":35,"column":7}}},"5":{"name":"(anonymous_5)","decl":{"start":{"line":72,"column":27},"end":{"line":72,"column":28}},"loc":{"start":{"line":72,"column":44},"end":{"line":82,"column":1}}},"6":{"name":"(anonymous_6)","decl":{"start":{"line":74,"column":18},"end":{"line":74,"column":null}},"loc":{"start":{"line":74,"column":18},"end":{"line":81,"column":3}}},"7":{"name":"(anonymous_7)","decl":{"start":{"line":78,"column":11},"end":{"line":78,"column":null}},"loc":{"start":{"line":78,"column":11},"end":{"line":80,"column":5}}},"8":{"name":"(anonymous_8)","decl":{"start":{"line":84,"column":30},"end":{"line":84,"column":31}},"loc":{"start":{"line":84,"column":99},"end":{"line":93,"column":1}}},"9":{"name":"routeWithTitle","decl":{"start":{"line":88,"column":11},"end":{"line":88,"column":25}},"loc":{"start":{"line":88,"column":57},"end":{"line":90,"column":3}}},"10":{"name":"(anonymous_10)","decl":{"start":{"line":95,"column":21},"end":{"line":95,"column":22}},"loc":{"start":{"line":95,"column":50},"end":{"line":98,"column":1}}},"11":{"name":"(anonymous_11)","decl":{"start":{"line":100,"column":18},"end":{"line":100,"column":24}},"loc":{"start":{"line":100,"column":18},"end":{"line":100,"column":null}}},"12":{"name":"(anonymous_12)","decl":{"start":{"line":103,"column":18},"end":{"line":103,"column":19}},"loc":{"start":{"line":103,"column":66},"end":{"line":103,"column":null}}}},"branchMap":{"0":{"loc":{"start":{"line":23,"column":8},"end":{"line":33,"column":null}},"type":"if","locations":[{"start":{"line":23,"column":8},"end":{"line":33,"column":null}},{"start":{"line":23,"column":8},"end":{"line":33,"column":null}}]},"1":{"loc":{"start":{"line":75,"column":4},"end":{"line":77,"column":null}},"type":"if","locations":[{"start":{"line":75,"column":4},"end":{"line":77,"column":null}},{"start":{"line":75,"column":4},"end":{"line":77,"column":null}}]},"2":{"loc":{"start":{"line":75,"column":8},"end":{"line":75,"column":16}},"type":"binary-expr","locations":[{"start":{"line":75,"column":8},"end":{"line":75,"column":16}},{"start":{"line":75,"column":20},"end":{"line":75,"column":43}}]},"3":{"loc":{"start":{"line":84,"column":55},"end":{"line":84,"column":70}},"type":"cond-expr","locations":[{"start":{"line":84,"column":55},"end":{"line":84,"column":70}},{"start":{"line":84,"column":55},"end":{"line":84,"column":70}}]}},"s":{"0":1,"1":1,"2":1,"3":1,"4":1,"5":1,"6":1,"7":1,"8":1,"9":1,"10":0,"11":0,"12":1,"13":0,"14":0,"15":0,"16":0,"17":0,"18":0,"19":1,"20":1,"21":1,"22":2,"23":2,"24":2,"25":0,"26":2,"27":0,"28":1,"29":2,"30":4,"31":2,"32":2,"33":2,"34":2,"35":2,"36":2,"37":1,"38":0,"39":0,"40":0,"41":1,"42":2,"43":4,"44":4,"45":4,"46":4,"47":4,"48":4,"49":1},"f":{"0":0,"1":0,"2":0,"3":0,"4":0,"5":2,"6":2,"7":0,"8":2,"9":2,"10":0,"11":2,"12":4},"b":{"0":[0,0],"1":[0,2],"2":[2,2],"3":[2,0]}}
,"/home/ndoshi/Desktop/patternfly-react-seed/src/app/AppLayout/AppLayout.tsx": {"path":"/home/ndoshi/Desktop/patternfly-react-seed/src/app/AppLayout/AppLayout.tsx","statementMap":{"0":{"start":{"line":1,"column":0},"end":{"line":1,"column":31}},"1":{"start":{"line":2,"column":0},"end":{"line":2,"column":43}},"2":{"start":{"line":3,"column":0},"end":{"line":3,"column":null}},"3":{"start":{"line":13,"column":0},"end":{"line":13,"column":37}},"4":{"start":{"line":19,"column":55},"end":{"line":79,"column":1}},"5":{"start":{"line":19,"column":57},"end":{"line":19,"column":65}},"6":{"start":{"line":20,"column":20},"end":{"line":23,"column":4}},"7":{"start":{"line":24,"column":8},"end":{"line":24,"column":9}},"8":{"start":{"line":24,"column":9},"end":{"line":24,"column":18}},"9":{"start":{"line":24,"column":20},"end":{"line":24,"column":56}},"10":{"start":{"line":25,"column":8},"end":{"line":25,"column":9}},"11":{"start":{"line":25,"column":9},"end":{"line":25,"column":21}},"12":{"start":{"line":25,"column":23},"end":{"line":25,"column":62}},"13":{"start":{"line":26,"column":8},"end":{"line":26,"column":9}},"14":{"start":{"line":26,"column":9},"end":{"line":26,"column":24}},"15":{"start":{"line":26,"column":26},"end":{"line":26,"column":69}},"16":{"start":{"line":27,"column":28},"end":{"line":29,"column":3}},"17":{"start":{"line":28,"column":4},"end":{"line":28,"column":41}},"18":{"start":{"line":30,"column":22},"end":{"line":32,"column":3}},"19":{"start":{"line":31,"column":4},"end":{"line":31,"column":29}},"20":{"start":{"line":33,"column":23},"end":{"line":35,"column":3}},"21":{"start":{"line":34,"column":4},"end":{"line":34,"column":38}},"22":{"start":{"line":37,"column":4},"end":{"line":43,"column":null}},"23":{"start":{"line":48,"column":4},"end":{"line":55,"column":null}},"24":{"start":{"line":50,"column":36},"end":{"line":54,"column":12}},"25":{"start":{"line":59,"column":4},"end":{"line":62,"column":63}},"26":{"start":{"line":65,"column":4},"end":{"line":65,"column":null}},"27":{"start":{"line":69,"column":2},"end":{"line":78,"column":4}},"28":{"start":{"line":81,"column":9},"end":{"line":81,"column":18}}},"fnMap":{"0":{"name":"(anonymous_0)","decl":{"start":{"line":19,"column":55},"end":{"line":19,"column":56}},"loc":{"start":{"line":19,"column":66},"end":{"line":79,"column":1}}},"1":{"name":"(anonymous_1)","decl":{"start":{"line":27,"column":28},"end":{"line":27,"column":null}},"loc":{"start":{"line":27,"column":28},"end":{"line":29,"column":3}}},"2":{"name":"(anonymous_2)","decl":{"start":{"line":30,"column":22},"end":{"line":30,"column":null}},"loc":{"start":{"line":30,"column":22},"end":{"line":32,"column":3}}},"3":{"name":"(anonymous_3)","decl":{"start":{"line":33,"column":23},"end":{"line":33,"column":24}},"loc":{"start":{"line":33,"column":74},"end":{"line":35,"column":3}}},"4":{"name":"(anonymous_4)","decl":{"start":{"line":50,"column":20},"end":{"line":50,"column":21}},"loc":{"start":{"line":50,"column":31},"end":{"line":50,"column":41}}}},"branchMap":{"0":{"loc":{"start":{"line":43,"column":34},"end":{"line":43,"column":51}},"type":"cond-expr","locations":[{"start":{"line":43,"column":34},"end":{"line":43,"column":51}},{"start":{"line":43,"column":54},"end":{"line":43,"column":65}}]},"1":{"loc":{"start":{"line":50,"column":36},"end":{"line":50,"column":47}},"type":"binary-expr","locations":[{"start":{"line":50,"column":36},"end":{"line":50,"column":47}},{"start":{"line":51,"column":12},"end":{"line":52,"column":null}}]},"2":{"loc":{"start":{"line":62,"column":32},"end":{"line":62,"column":47}},"type":"cond-expr","locations":[{"start":{"line":62,"column":32},"end":{"line":62,"column":47}},{"start":{"line":62,"column":50},"end":{"line":62,"column":59}}]}},"s":{"0":1,"1":1,"2":1,"3":1,"4":1,"5":5,"6":5,"7":5,"8":5,"9":5,"10":5,"11":5,"12":5,"13":5,"14":5,"15":5,"16":5,"17":0,"18":5,"19":1,"20":5,"21":2,"22":5,"23":5,"24":10,"25":5,"26":5,"27":5,"28":1},"f":{"0":5,"1":0,"2":1,"3":2,"4":10},"b":{"0":[2,3],"1":[10,10],"2":[2,3]}}
,"/home/ndoshi/Desktop/patternfly-react-seed/src/app/Dashboard/Dashboard.tsx": {"path":"/home/ndoshi/Desktop/patternfly-react-seed/src/app/Dashboard/Dashboard.tsx","statementMap":{"0":{"start":{"line":1,"column":0},"end":{"line":1,"column":31}},"1":{"start":{"line":2,"column":0},"end":{"line":2,"column":60}},"2":{"start":{"line":4,"column":47},"end":{"line":4,"column":null}},"3":{"start":{"line":4,"column":53},"end":{"line":8,"column":null}},"4":{"start":{"line":10,"column":9},"end":{"line":10,"column":18}}},"fnMap":{"0":{"name":"(anonymous_0)","decl":{"start":{"line":4,"column":47},"end":{"line":4,"column":53}},"loc":{"start":{"line":4,"column":47},"end":{"line":4,"column":null}}}},"branchMap":{},"s":{"0":1,"1":1,"2":1,"3":2,"4":1},"f":{"0":2},"b":{}}
,"/home/ndoshi/Desktop/patternfly-react-seed/src/app/NotFound/NotFound.tsx": {"path":"/home/ndoshi/Desktop/patternfly-react-seed/src/app/NotFound/NotFound.tsx","statementMap":{"0":{"start":{"line":1,"column":0},"end":{"line":1,"column":31}},"1":{"start":{"line":2,"column":0},"end":{"line":2,"column":43}},"2":{"start":{"line":3,"column":0},"end":{"line":3,"column":60}},"3":{"start":{"line":5,"column":42},"end":{"line":5,"column":null}},"4":{"start":{"line":5,"column":48},"end":{"line":10,"column":null}},"5":{"start":{"line":12,"column":9},"end":{"line":12,"column":17}}},"fnMap":{"0":{"name":"(anonymous_0)","decl":{"start":{"line":5,"column":42},"end":{"line":5,"column":48}},"loc":{"start":{"line":5,"column":42},"end":{"line":5,"column":null}}}},"branchMap":{},"s":{"0":1,"1":1,"2":1,"3":1,"4":0,"5":1},"f":{"0":0},"b":{}}
,"/home/ndoshi/Desktop/patternfly-react-seed/src/app/utils/useDocumentTitle.ts": {"path":"/home/ndoshi/Desktop/patternfly-react-seed/src/app/utils/useDocumentTitle.ts","statementMap":{"0":{"start":{"line":1,"column":0},"end":{"line":1,"column":31}},"1":{"start":{"line":5,"column":2},"end":{"line":12,"column":14}},"2":{"start":{"line":6,"column":26},"end":{"line":6,"column":40}},"3":{"start":{"line":7,"column":4},"end":{"line":7,"column":27}},"4":{"start":{"line":9,"column":4},"end":{"line":11,"column":6}},"5":{"start":{"line":10,"column":6},"end":{"line":10,"column":37}},"6":{"start":{"line":4,"column":0},"end":{"line":4,"column":16}}},"fnMap":{"0":{"name":"useDocumentTitle","decl":{"start":{"line":4,"column":16},"end":{"line":4,"column":32}},"loc":{"start":{"line":4,"column":46},"end":{"line":13,"column":1}}},"1":{"name":"(anonymous_1)","decl":{"start":{"line":5,"column":18},"end":{"line":5,"column":null}},"loc":{"start":{"line":5,"column":18},"end":{"line":12,"column":3}}},"2":{"name":"(anonymous_2)","decl":{"start":{"line":9,"column":11},"end":{"line":9,"column":null}},"loc":{"start":{"line":9,"column":11},"end":{"line":11,"column":5}}}},"branchMap":{},"s":{"0":1,"1":2,"2":2,"3":2,"4":2,"5":0,"6":1},"f":{"0":2,"1":2,"2":0},"b":{}}
,"/home/ndoshi/Desktop/patternfly-react-seed/src/app/utils/utils.ts": {"path":"/home/ndoshi/Desktop/patternfly-react-seed/src/app/utils/utils.ts","statementMap":{"0":{"start":{"line":2,"column":2},"end":{"line":7,"column":9}},"1":{"start":{"line":3,"column":26},"end":{"line":3,"column":74}},"2":{"start":{"line":4,"column":4},"end":{"line":6,"column":null}},"3":{"start":{"line":5,"column":6},"end":{"line":5,"column":28}},"4":{"start":{"line":1,"column":0},"end":{"line":1,"column":16}}},"fnMap":{"0":{"name":"accessibleRouteChangeHandler","decl":{"start":{"line":1,"column":16},"end":{"line":1,"column":44}},"loc":{"start":{"line":1,"column":44},"end":{"line":8,"column":1}}},"1":{"name":"(anonymous_1)","decl":{"start":{"line":2,"column":27},"end":{"line":2,"column":null}},"loc":{"start":{"line":2,"column":27},"end":{"line":7,"column":3}}}},"branchMap":{"0":{"loc":{"start":{"line":4,"column":4},"end":{"line":6,"column":null}},"type":"if","locations":[{"start":{"line":4,"column":4},"end":{"line":6,"column":null}},{"start":{"line":4,"column":4},"end":{"line":6,"column":null}}]}},"s":{"0":0,"1":0,"2":0,"3":0,"4":1},"f":{"0":0,"1":0},"b":{"0":[0,0]}}
}
