TN:
SF:src/app/DynamicImport.tsx
FN:12,(anonymous_0)
FN:17,DynamicImport
FN:21,(anonymous_2)
FN:24,(anonymous_3)
FN:27,(anonymous_4)
FN:34,(anonymous_5)
FN:40,(anonymous_6)
FNF:7
FNH:1
FNDA:1,(anonymous_0)
FNDA:0,DynamicImport
FNDA:0,(anonymous_2)
FNDA:0,(anonymous_3)
FNDA:0,(anonymous_4)
FNDA:0,(anonymous_5)
FNDA:0,(anonymous_6)
DA:1,1
DA:2,1
DA:12,1
DA:13,0
DA:18,0
DA:19,0
DA:21,1
DA:22,0
DA:24,1
DA:25,0
DA:28,0
DA:29,0
DA:35,0
DA:36,0
DA:40,1
DA:41,0
DA:43,1
DA:45,1
LF:18
LH:8
BRDA:18,0,0,0
BRDA:18,0,1,0
BRDA:28,1,0,0
BRDA:28,1,1,0
BRDA:30,2,0,0
BRDA:30,2,1,0
BRDA:35,3,0,0
BRDA:35,3,1,0
BRF:8
BRH:0
end_of_record
TN:
SF:src/app/index.tsx
FN:8,(anonymous_0)
FNF:1
FNH:1
FNDA:3,(anonymous_0)
DA:1,1
DA:2,1
DA:3,1
DA:4,1
DA:5,1
DA:6,1
DA:8,3
DA:16,1
LF:8
LH:8
BRF:0
BRH:0
end_of_record
TN:
SF:src/app/routes.tsx
FN:13,(anonymous_0)
FN:13,(anonymous_1)
FN:13,(anonymous_2)
FN:15,(anonymous_3)
FN:20,(anonymous_4)
FN:72,(anonymous_5)
FN:74,(anonymous_6)
FN:78,(anonymous_7)
FN:84,(anonymous_8)
FN:88,routeWithTitle
FN:95,(anonymous_10)
FN:100,(anonymous_11)
FN:103,(anonymous_12)
FNF:13
FNH:6
FNDA:0,(anonymous_0)
FNDA:0,(anonymous_1)
FNDA:0,(anonymous_2)
FNDA:0,(anonymous_3)
FNDA:0,(anonymous_4)
FNDA:2,(anonymous_5)
FNDA:2,(anonymous_6)
FNDA:0,(anonymous_7)
FNDA:2,(anonymous_8)
FNDA:2,routeWithTitle
FNDA:0,(anonymous_10)
FNDA:2,(anonymous_11)
FNDA:4,(anonymous_12)
DA:1,1
DA:2,1
DA:3,1
DA:4,1
DA:5,1
DA:6,1
DA:7,1
DA:8,1
DA:9,1
DA:13,1
DA:15,1
DA:16,0
DA:17,0
DA:23,0
DA:24,0
DA:32,0
DA:34,0
DA:51,1
DA:72,1
DA:73,2
DA:74,2
DA:75,2
DA:76,0
DA:78,2
DA:79,0
DA:84,4
DA:85,2
DA:86,2
DA:89,2
DA:92,2
DA:95,1
DA:96,0
DA:97,0
DA:100,2
DA:103,4
DA:118,1
LF:36
LH:26
BRDA:23,0,0,0
BRDA:23,0,1,0
BRDA:75,1,0,0
BRDA:75,1,1,2
BRDA:75,2,0,2
BRDA:75,2,1,2
BRDA:84,3,0,2
BRDA:84,3,1,0
BRF:8
BRH:4
end_of_record
TN:
SF:src/app/AppLayout/AppLayout.tsx
FN:19,(anonymous_0)
FN:27,(anonymous_1)
FN:30,(anonymous_2)
FN:33,(anonymous_3)
FN:50,(anonymous_4)
FNF:5
FNH:4
FNDA:5,(anonymous_0)
FNDA:0,(anonymous_1)
FNDA:1,(anonymous_2)
FNDA:2,(anonymous_3)
FNDA:10,(anonymous_4)
DA:1,1
DA:2,1
DA:3,1
DA:13,1
DA:19,5
DA:20,5
DA:24,5
DA:25,5
DA:26,5
DA:27,5
DA:28,0
DA:30,5
DA:31,1
DA:33,5
DA:34,2
DA:37,5
DA:48,5
DA:50,10
DA:59,5
DA:65,5
DA:69,5
DA:81,1
LF:22
LH:21
BRDA:43,0,0,2
BRDA:43,0,1,3
BRDA:50,1,0,10
BRDA:50,1,1,10
BRDA:62,2,0,2
BRDA:62,2,1,3
BRF:6
BRH:6
end_of_record
TN:
SF:src/app/Dashboard/Dashboard.tsx
FN:4,(anonymous_0)
FNF:1
FNH:1
FNDA:2,(anonymous_0)
DA:1,1
DA:2,1
DA:4,2
DA:10,1
LF:4
LH:4
BRF:0
BRH:0
end_of_record
TN:
SF:src/app/NotFound/NotFound.tsx
FN:5,(anonymous_0)
FNF:1
FNH:0
FNDA:0,(anonymous_0)
DA:1,1
DA:2,1
DA:3,1
DA:5,1
DA:12,1
LF:5
LH:5
BRF:0
BRH:0
end_of_record
TN:
SF:src/app/utils/useDocumentTitle.ts
FN:4,useDocumentTitle
FN:5,(anonymous_1)
FN:9,(anonymous_2)
FNF:3
FNH:2
FNDA:2,useDocumentTitle
FNDA:2,(anonymous_1)
FNDA:0,(anonymous_2)
DA:1,1
DA:4,1
DA:5,2
DA:6,2
DA:7,2
DA:9,2
DA:10,0
LF:7
LH:6
BRF:0
BRH:0
end_of_record
TN:
SF:src/app/utils/utils.ts
FN:1,accessibleRouteChangeHandler
FN:2,(anonymous_1)
FNF:2
FNH:0
FNDA:0,accessibleRouteChangeHandler
FNDA:0,(anonymous_1)
DA:1,1
DA:2,0
DA:3,0
DA:4,0
DA:5,0
LF:5
LH:1
BRDA:4,0,0,0
BRDA:4,0,1,0
BRF:2
BRH:0
end_of_record
